<?xml version="1.0" encoding="UTF-8"?>
<!-- Generated by org.testng.reporters.JUnitReportReporter -->
<testsuite hostname="Jagadish" failures="0" tests="1" name="TestRunner.runner" time="12.475" errors="0" timestamp="2024-12-20T21:01:51 IST" skipped="0">
  <testcase classname="TestRunner.runner" name="runScenario" time="12.475"/>
</testsuite> <!-- TestRunner.runner -->
