<?xml version="1.0" encoding="UTF-8"?>
<!-- Generated by org.testng.reporters.JUnitReportReporter -->
<testsuite hostname="Jagadish" failures="0" tests="1" name="TestRunner.Testrunner" time="5.070" errors="0" timestamp="2024-12-20T21:10:55 IST" skipped="0">
  <testcase classname="TestRunner.Testrunner" name="runScenario" time="5.070"/>
</testsuite> <!-- TestRunner.Testrunner -->
